C51 COMPILER V9.00   MAIN                                                                  03/04/2024 17:50:54 PAGE 1   


C51 COMPILER V9.00, COMPILATION OF MODULE MAIN
OBJECT MODULE PLACED IN main.OBJ
COMPILER INVOKED BY: d:\Keil\C51\BIN\C51.EXE main.c BROWSE DEBUG OBJECTEXTEND

line level    source

   1          #include <REGX52.H>
   2          #include "delay.h"
   3          #include "led88.h"
   4          
   5          
   6          unsigned char code Animtiom[]={
   7                          0x00,0x0E,0x1B,0x7F,0x7F,0x1B,0x0E,0x00,
   8                          0x00,0x04,0x0C,0x18,0x7F,0x7F,0x1B,0x0E,
   9                          0x00,0x08,0x0C,0x05,0x7F,0x7F,0x1E,0x0C,
  10                          0xC0,0x00,0x41,0x22,0x1A,0x7C,0x7D,0x1A,
  11                          0x00,0x60,0x61,0x12,0x0A,0x7E,0x7F,0x08,
  12                          0x00,0x06,0x0E,0x08,0x0B,0x3E,0x3E,0x0B,
  13                          0x00,0x03,0x0B,0x08,0x0B,0x3E,0x3E,0x0B,
  14                          0x00,0x06,0x0E,0x08,0x09,0x3F,0x3E,0x0B,
  15                          0x00,0x0E,0x13,0x7E,0x7E,0x1F,0x0E,0x00,
  16                          0x08,0x13,0x7E,0x7E,0x12,0x1D,0x0C,0x00,
  17                          0x09,0x12,0x7E,0x7F,0x10,0x13,0x03,0x00,
  18                          0x09,0x12,0x7E,0x7F,0x10,0x1C,0x0C,0x00,
  19                          0x00,0x0C,0x15,0x7E,0x7E,0x17,0x0E,0x00,
  20                          0x00,0x30,0x38,0x0D,0x7E,0x7F,0x1D,0x08,
  21                          0xC0,0xC0,0x30,0x1B,0x7C,0x7F,0x08,0x00,
  22                          0x00,0x00,0x37,0xF8,0xFA,0x34,0x00,0x00,
  23                          0x00,0x00,0x1B,0x7C,0x7C,0x1A,0x01,0x00,
  24                          0x00,0x00,0x09,0x1E,0x7C,0x7F,0x18,0x00,
  25                          0x00,0x00,0x1B,0x7C,0x7C,0x1B,0x00,0x00,
  26                          0x00,0x00,0x09,0x1E,0x7C,0x7F,0x18,0x00,
  27                          0x00,0x00,0x1B,0x7C,0x7C,0x1B,0x00,0x00,
  28                          0x08,0x10,0x16,0x7C,0x7F,0x10,0x08,0x00,
  29                          0x00,0x10,0x13,0x7C,0x7E,0x18,0x00,0x00,
  30                          0x00,0x08,0x13,0x7C,0x7F,0x10,0x10,0x00,
  31                          0x00,0x08,0x12,0xFC,0xFD,0x3A,0x00,0x00,
  32                          0x00,0x08,0x12,0xFC,0xFC,0x22,0x10,0x00,
  33                          0x00,0x00,0x61,0x12,0x7C,0x7F,0x10,0x60,
  34                          0x00,0x00,0x20,0x11,0x12,0x7C,0x7E,0x19,
  35                          0x00,0x00,0x00,0x31,0x0A,0x7C,0x7E,0x0D,
  36                          0x00,0x00,0x20,0x11,0x12,0x7C,0x7E,0x19,
  37                          0x00,0x00,0x00,0x31,0x0A,0x7C,0x7E,0x0D,
  38                          0x00,0x00,0x20,0x11,0x12,0x7C,0x7E,0x19,
  39                          0x00,0x00,0x00,0x31,0x0A,0x7C,0x7E,0x0D,
  40                          0x00,0x00,0x20,0x11,0x12,0x7C,0x7E,0x19,
  41                          0x00,0x00,0x00,0x31,0x0A,0x7C,0x7E,0x0D,};
  42          
  43          
  44          
  45          void main()
  46          {
  47   1              unsigned char i,offset=0,count=0;
  48   1              init();
*** WARNING C206 IN LINE 48 OF MAIN.C: 'init': missing function-prototype
  49   1              while(1)
  50   1              {
  51   2                      for(i=0;i<8;i++)
  52   2                      {
  53   3                              LED_showcol(i,Animtiom[i+offset]);
  54   3                      }
C51 COMPILER V9.00   MAIN                                                                  03/04/2024 17:50:54 PAGE 2   

  55   2                       count++;
  56   2                       if(count>12)
  57   2                       {
  58   3                              count=0;
  59   3                              offset+=8;
  60   3                              if(offset>272)
  61   3                              {
  62   4                                      offset=0;       
  63   4                              }
  64   3                       
  65   3                       }
  66   2              }
  67   1      
  68   1      }
  69          


MODULE INFORMATION:   STATIC OVERLAYABLE
   CODE SIZE        =     80    ----
   CONSTANT SIZE    =    280    ----
   XDATA SIZE       =   ----    ----
   PDATA SIZE       =   ----    ----
   DATA SIZE        =   ----       3
   IDATA SIZE       =   ----    ----
   BIT SIZE         =   ----    ----
END OF MODULE INFORMATION.


C51 COMPILATION COMPLETE.  1 WARNING(S),  0 ERROR(S)
